This file contains any messages produced by compilers while
running configure, to aid debugging if configure makes a mistake.

It was created by libgpg-error configure 1.0, which was
generated by GNU Autoconf 2.59.  Invocation command line was

  $ ./configure 

## --------- ##
## Platform. ##
## --------- ##

hostname = Arin
uname -m = x86_64
uname -r = 4.4.0-67-generic
uname -s = Linux
uname -v = #88-Ubuntu SMP Wed Mar 8 16:34:45 UTC 2017

/usr/bin/uname -p = unknown
/bin/uname -X     = unknown

/bin/arch              = unknown
/usr/bin/arch -k       = unknown
/usr/convex/getsysinfo = unknown
hostinfo               = unknown
/bin/machine           = unknown
/usr/bin/oslevel       = unknown
/bin/universe          = unknown

PATH: /usr/local/sbin
PATH: /usr/local/bin
PATH: /usr/sbin
PATH: /usr/bin
PATH: /sbin
PATH: /bin
PATH: /usr/games
PATH: /usr/local/games
PATH: /home/kitto/bin


## ----------- ##
## Core tests. ##
## ----------- ##

configure:1552: checking for a BSD-compatible install
configure:1607: result: /usr/bin/install -c
configure:1618: checking whether build environment is sane
configure:1661: result: yes
configure:1694: checking for gawk
configure:1710: found /usr/bin/gawk
configure:1720: result: gawk
configure:1730: checking whether make sets $(MAKE)
configure:1750: result: yes
configure:1914: checking whether to enable maintainer-specific portions of Makefiles
configure:1923: result: no
configure:1989: checking for gcc
configure:2005: found /usr/bin/gcc
configure:2015: result: gcc
configure:2259: checking for C compiler version
configure:2262: gcc --version </dev/null >&5
gcc (Ubuntu 5.4.1-2ubuntu1~16.04) 5.4.1 20160904
Copyright (C) 2015 Free Software Foundation, Inc.
This is free software; see the source for copying conditions.  There is NO
warranty; not even for MERCHANTABILITY or FITNESS FOR A PARTICULAR PURPOSE.

configure:2265: $? = 0
configure:2267: gcc -v </dev/null >&5
Using built-in specs.
COLLECT_GCC=gcc
COLLECT_LTO_WRAPPER=/usr/lib/gcc/x86_64-linux-gnu/5/lto-wrapper
Target: x86_64-linux-gnu
Configured with: ../src/configure -v --with-pkgversion='Ubuntu 5.4.1-2ubuntu1~16.04' --with-bugurl=file:///usr/share/doc/gcc-5/README.Bugs --enable-languages=c,ada,c++,java,go,d,fortran,objc,obj-c++ --prefix=/usr --program-suffix=-5 --enable-shared --enable-linker-build-id --libexecdir=/usr/lib --without-included-gettext --enable-threads=posix --libdir=/usr/lib --enable-nls --with-sysroot=/ --enable-clocale=gnu --enable-libstdcxx-debug --enable-libstdcxx-time=yes --with-default-libstdcxx-abi=new --enable-gnu-unique-object --disable-vtable-verify --enable-libmpx --enable-plugin --with-system-zlib --disable-browser-plugin --enable-java-awt=gtk --enable-gtk-cairo --with-java-home=/usr/lib/jvm/java-1.5.0-gcj-5-amd64/jre --enable-java-home --with-jvm-root-dir=/usr/lib/jvm/java-1.5.0-gcj-5-amd64 --with-jvm-jar-dir=/usr/lib/jvm-exports/java-1.5.0-gcj-5-amd64 --with-arch-directory=amd64 --with-ecj-jar=/usr/share/java/eclipse-ecj.jar --enable-objc-gc --enable-multiarch --disable-werror --with-arch-32=i686 --with-abi=m64 --with-multilib-list=m32,m64,mx32 --enable-multilib --with-tune=generic --enable-checking=release --build=x86_64-linux-gnu --host=x86_64-linux-gnu --target=x86_64-linux-gnu
Thread model: posix
gcc version 5.4.1 20160904 (Ubuntu 5.4.1-2ubuntu1~16.04) 
configure:2270: $? = 0
configure:2272: gcc -V </dev/null >&5
gcc: error: unrecognized command line option '-V'
gcc: fatal error: no input files
compilation terminated.
configure:2275: $? = 1
configure:2298: checking for C compiler default output file name
configure:2301: gcc    conftest.c  >&5
configure:2304: $? = 0
configure:2350: result: a.out
configure:2355: checking whether the C compiler works
configure:2361: ./a.out
configure:2364: $? = 0
configure:2381: result: yes
configure:2388: checking whether we are cross compiling
configure:2390: result: no
configure:2393: checking for suffix of executables
configure:2395: gcc -o conftest    conftest.c  >&5
configure:2398: $? = 0
configure:2423: result: 
configure:2429: checking for suffix of object files
configure:2450: gcc -c   conftest.c >&5
configure:2453: $? = 0
configure:2475: result: o
configure:2479: checking whether we are using the GNU C compiler
configure:2503: gcc -c   conftest.c >&5
configure:2509: $? = 0
configure:2512: test -z 			 || test ! -s conftest.err
configure:2515: $? = 0
configure:2518: test -s conftest.o
configure:2521: $? = 0
configure:2534: result: yes
configure:2540: checking whether gcc accepts -g
configure:2561: gcc -c -g  conftest.c >&5
configure:2567: $? = 0
configure:2570: test -z 			 || test ! -s conftest.err
configure:2573: $? = 0
configure:2576: test -s conftest.o
configure:2579: $? = 0
configure:2590: result: yes
configure:2607: checking for gcc option to accept ANSI C
configure:2677: gcc  -c -g -O2  conftest.c >&5
configure:2683: $? = 0
configure:2686: test -z 			 || test ! -s conftest.err
configure:2689: $? = 0
configure:2692: test -s conftest.o
configure:2695: $? = 0
configure:2713: result: none needed
configure:2731: gcc -c -g -O2  conftest.c >&5
conftest.c:2:3: error: unknown type name 'choke'
   choke me
   ^
conftest.c:2:3: error: expected '=', ',', ';', 'asm' or '__attribute__' at end of input
configure:2737: $? = 1
configure: failed program was:
| #ifndef __cplusplus
|   choke me
| #endif
configure:2878: checking for style of include used by make
configure:2906: result: GNU
configure:2934: checking dependency style of gcc
configure:3017: result: gcc3
configure:3039: checking how to run the C preprocessor
configure:3074: gcc -E  conftest.c
configure:3080: $? = 0
configure:3112: gcc -E  conftest.c
conftest.c:11:28: fatal error: ac_nonexistent.h: No such file or directory
compilation terminated.
configure:3118: $? = 1
configure: failed program was:
| /* confdefs.h.  */
| 
| #define PACKAGE_NAME "libgpg-error"
| #define PACKAGE_TARNAME "libgpg-error"
| #define PACKAGE_VERSION "1.0"
| #define PACKAGE_STRING "libgpg-error 1.0"
| #define PACKAGE_BUGREPORT "bug-gnupg@gnupg.org"
| #define PACKAGE "libgpg-error"
| #define VERSION "1.0"
| /* end confdefs.h.  */
| #include <ac_nonexistent.h>
configure:3157: result: gcc -E
configure:3181: gcc -E  conftest.c
configure:3187: $? = 0
configure:3219: gcc -E  conftest.c
conftest.c:11:28: fatal error: ac_nonexistent.h: No such file or directory
compilation terminated.
configure:3225: $? = 1
configure: failed program was:
| /* confdefs.h.  */
| 
| #define PACKAGE_NAME "libgpg-error"
| #define PACKAGE_TARNAME "libgpg-error"
| #define PACKAGE_VERSION "1.0"
| #define PACKAGE_STRING "libgpg-error 1.0"
| #define PACKAGE_BUGREPORT "bug-gnupg@gnupg.org"
| #define PACKAGE "libgpg-error"
| #define VERSION "1.0"
| /* end confdefs.h.  */
| #include <ac_nonexistent.h>
configure:3340: checking build system type
configure:3358: result: x86_64-unknown-linux-gnu
configure:3366: checking host system type
configure:3380: result: x86_64-unknown-linux-gnu
configure:3410: checking for ld used by GCC
configure:3473: result: /usr/bin/ld
configure:3482: checking if the linker (/usr/bin/ld) is GNU ld
GNU ld (GNU Binutils for Ubuntu) 2.26.1
configure:3494: result: yes
configure:3499: checking for /usr/bin/ld option to reload object files
configure:3506: result: -r
configure:3511: checking for BSD-compatible nm
configure:3547: result: /usr/bin/nm -B
configure:3550: checking for a sed that does not truncate output
configure:3632: result: /bin/sed
configure:3635: checking whether ln -s works
configure:3639: result: yes
configure:3646: checking how to recognise dependent libraries
configure:3827: result: file_magic ELF [0-9][0-9]*-bit [LM]SB (shared object|dynamic lib )
configure:3840: checking command to parse /usr/bin/nm -B output
configure:3924: gcc -c -g -O2  conftest.c >&5
configure:3927: $? = 0
configure:3931: /usr/bin/nm -B conftest.o \| sed -n -e 's/^.*[ 	]\([ABCDGISTW][ABCDGISTW]*\)[ 	][ 	]*\(\)\([_A-Za-z][_A-Za-z0-9]*\)$/\1 \2\3 \3/p' \> conftest.nm
configure:3934: $? = 0
configure:3986: gcc -o conftest -g -O2   conftest.c conftstm.o >&5
configure:3989: $? = 0
configure:4033: result: ok
configure:4038: checking for egrep
configure:4048: result: grep -E
configure:4053: checking for ANSI C header files
configure:4078: gcc -c -g -O2  conftest.c >&5
configure:4084: $? = 0
configure:4087: test -z 			 || test ! -s conftest.err
configure:4090: $? = 0
configure:4093: test -s conftest.o
configure:4096: $? = 0
configure:4185: gcc -o conftest -g -O2   conftest.c  >&5
conftest.c: In function 'main':
conftest.c:28:7: warning: implicit declaration of function 'exit' [-Wimplicit-function-declaration]
       exit(2);
       ^
conftest.c:28:7: warning: incompatible implicit declaration of built-in function 'exit'
conftest.c:28:7: note: include '<stdlib.h>' or provide a declaration of 'exit'
conftest.c:29:3: warning: incompatible implicit declaration of built-in function 'exit'
   exit (0);
   ^
conftest.c:29:3: note: include '<stdlib.h>' or provide a declaration of 'exit'
configure:4188: $? = 0
configure:4190: ./conftest
configure:4193: $? = 0
configure:4208: result: yes
configure:4232: checking for sys/types.h
configure:4248: gcc -c -g -O2  conftest.c >&5
configure:4254: $? = 0
configure:4257: test -z 			 || test ! -s conftest.err
configure:4260: $? = 0
configure:4263: test -s conftest.o
configure:4266: $? = 0
configure:4277: result: yes
configure:4232: checking for sys/stat.h
configure:4248: gcc -c -g -O2  conftest.c >&5
configure:4254: $? = 0
configure:4257: test -z 			 || test ! -s conftest.err
configure:4260: $? = 0
configure:4263: test -s conftest.o
configure:4266: $? = 0
configure:4277: result: yes
configure:4232: checking for stdlib.h
configure:4248: gcc -c -g -O2  conftest.c >&5
configure:4254: $? = 0
configure:4257: test -z 			 || test ! -s conftest.err
configure:4260: $? = 0
configure:4263: test -s conftest.o
configure:4266: $? = 0
configure:4277: result: yes
configure:4232: checking for string.h
configure:4248: gcc -c -g -O2  conftest.c >&5
configure:4254: $? = 0
configure:4257: test -z 			 || test ! -s conftest.err
configure:4260: $? = 0
configure:4263: test -s conftest.o
configure:4266: $? = 0
configure:4277: result: yes
configure:4232: checking for memory.h
configure:4248: gcc -c -g -O2  conftest.c >&5
configure:4254: $? = 0
configure:4257: test -z 			 || test ! -s conftest.err
configure:4260: $? = 0
configure:4263: test -s conftest.o
configure:4266: $? = 0
configure:4277: result: yes
configure:4232: checking for strings.h
configure:4248: gcc -c -g -O2  conftest.c >&5
configure:4254: $? = 0
configure:4257: test -z 			 || test ! -s conftest.err
configure:4260: $? = 0
configure:4263: test -s conftest.o
configure:4266: $? = 0
configure:4277: result: yes
configure:4232: checking for inttypes.h
configure:4248: gcc -c -g -O2  conftest.c >&5
configure:4254: $? = 0
configure:4257: test -z 			 || test ! -s conftest.err
configure:4260: $? = 0
configure:4263: test -s conftest.o
configure:4266: $? = 0
configure:4277: result: yes
configure:4232: checking for stdint.h
configure:4248: gcc -c -g -O2  conftest.c >&5
configure:4254: $? = 0
configure:4257: test -z 			 || test ! -s conftest.err
configure:4260: $? = 0
configure:4263: test -s conftest.o
configure:4266: $? = 0
configure:4277: result: yes
configure:4232: checking for unistd.h
configure:4248: gcc -c -g -O2  conftest.c >&5
configure:4254: $? = 0
configure:4257: test -z 			 || test ! -s conftest.err
configure:4260: $? = 0
configure:4263: test -s conftest.o
configure:4266: $? = 0
configure:4277: result: yes
configure:4303: checking dlfcn.h usability
configure:4315: gcc -c -g -O2  conftest.c >&5
configure:4321: $? = 0
configure:4324: test -z 			 || test ! -s conftest.err
configure:4327: $? = 0
configure:4330: test -s conftest.o
configure:4333: $? = 0
configure:4343: result: yes
configure:4347: checking dlfcn.h presence
configure:4357: gcc -E  conftest.c
configure:4363: $? = 0
configure:4383: result: yes
configure:4418: checking for dlfcn.h
configure:4425: result: yes
configure:4447: checking for file
configure:4502: result: /usr/bin/file
configure:4623: checking for ranlib
configure:4639: found /usr/bin/ranlib
configure:4650: result: ranlib
configure:4703: checking for strip
configure:4719: found /usr/bin/strip
configure:4730: result: strip
configure:4949: checking for objdir
configure:4960: result: .libs
configure:4977: checking for gcc option to produce PIC
configure:5123: result: -fPIC
configure:5127: checking if gcc PIC flag -fPIC works
configure:5150: gcc -c -g -O2 -fPIC -DPIC  conftest.c >&5
configure:5156: $? = 0
configure:5159: test -z 			 || test ! -s conftest.err
configure:5162: $? = 0
configure:5165: test -s conftest.o
configure:5168: $? = 0
configure:5206: result: yes
configure:5222: checking if gcc static flag -static works
configure:5246: gcc -o conftest -g -O2   -static conftest.c  >&5
configure:5252: $? = 0
configure:5255: test -z 			 || test ! -s conftest.err
configure:5258: $? = 0
configure:5261: test -s conftest
configure:5264: $? = 0
configure:5281: result: yes
configure:5293: checking if gcc supports -c -o file.o
configure:5313: gcc -c -g -O2 -o out/conftest2.o  conftest.c >&5
configure:5337: result: yes
configure:5342: checking if gcc supports -c -o file.lo
configure:5369: gcc -c -g -O2 -c -o conftest.lo  conftest.c >&5
configure:5375: $? = 0
configure:5378: test -z 			 || test ! -s conftest.err
configure:5381: $? = 0
configure:5384: test -s conftest.lo
configure:5387: $? = 0
configure:5409: result: yes
configure:5440: checking if gcc supports -fno-rtti -fno-exceptions
configure:5462: gcc -c -g -O2 -fno-rtti -fno-exceptions -c conftest.c  conftest.c >&5
cc1: warning: command line option '-fno-rtti' is valid for C++/ObjC++ but not for C
cc1: warning: command line option '-fno-rtti' is valid for C++/ObjC++ but not for C
configure:5468: $? = 0
configure:5471: test -z 			 || test ! -s conftest.err
configure:5474: $? = 0
configure:5477: test -s conftest.o
configure:5480: $? = 0
configure:5497: result: no
configure:5508: checking whether the linker (/usr/bin/ld) supports shared libraries
configure:6203: result: yes
configure:6208: checking how to hardcode library paths into programs
configure:6232: result: immediate
configure:6237: checking whether stripping libraries is possible
configure:6242: result: yes
configure:6253: checking dynamic linker characteristics
configure:6673: result: GNU/Linux ld.so
configure:6678: checking if libtool supports shared libraries
configure:6680: result: yes
configure:6683: checking whether to build shared libraries
configure:6704: result: yes
configure:6707: checking whether to build static libraries
configure:6711: result: yes
configure:7455: checking whether -lc should be explicitly linked in
configure:7463: gcc -c -g -O2  conftest.c >&5
configure:7466: $? = 0
configure:7480: gcc -shared conftest.o  -v -Wl,-soname -Wl,conftest -o conftest 2\>\&1 \| grep  -lc  \>/dev/null 2\>\&1
configure:7483: $? = 0
configure:7496: result: no
configure:8073: checking for gawk
configure:8099: result: gawk
configure:8111: checking for cc for build
configure:8118: result: gcc
configure:8140: checking whether NLS is requested
configure:8149: result: yes
configure:8187: checking for msgfmt
configure:8218: result: /usr/bin/msgfmt
configure:8227: checking for gmsgfmt
configure:8258: result: /usr/bin/msgfmt
configure:8297: checking for xgettext
configure:8328: result: /usr/bin/xgettext
configure:8368: checking for msgmerge
configure:8398: result: /usr/bin/msgmerge
configure:8473: checking for ld used by GCC
configure:8536: result: /usr/bin/ld
configure:8545: checking if the linker (/usr/bin/ld) is GNU ld
GNU ld (GNU Binutils for Ubuntu) 2.26.1
configure:8557: result: yes
configure:8563: checking for shared library run path origin
configure:8576: result: done
configure:8992: checking whether NLS is requested
configure:9001: result: yes
configure:9019: checking for GNU gettext in libc
configure:9043: gcc -o conftest -g -O2   conftest.c  >&5
conftest.c: In function 'main':
conftest.c:29:8: warning: cast from pointer to integer of different size [-Wpointer-to-int-cast]
 return (int) gettext ("") + _nl_msg_cat_cntr + *_nl_domain_bindings
        ^
configure:9049: $? = 0
configure:9052: test -z 			 || test ! -s conftest.err
configure:9055: $? = 0
configure:9058: test -s conftest
configure:9061: $? = 0
configure:9073: result: yes
configure:9768: checking whether to use NLS
configure:9770: result: yes
configure:9773: checking where the gettext function comes from
configure:9784: result: libc
configure:9847: checking for ANSI C header files
configure:10002: result: yes
configure:10017: checking for stdlib.h
configure:10022: result: yes
configure:10161: checking whether strerror_r is declared
configure:10185: gcc -c -g -O2  conftest.c >&5
configure:10191: $? = 0
configure:10194: test -z 			 || test ! -s conftest.err
configure:10197: $? = 0
configure:10200: test -s conftest.o
configure:10203: $? = 0
configure:10214: result: yes
configure:10236: checking for strerror_r
configure:10293: gcc -o conftest -g -O2   conftest.c  >&5
configure:10299: $? = 0
configure:10302: test -z 			 || test ! -s conftest.err
configure:10305: $? = 0
configure:10308: test -s conftest
configure:10311: $? = 0
configure:10323: result: yes
configure:10333: checking whether strerror_r returns char *
configure:10361: gcc -c -g -O2  conftest.c >&5
conftest.c: In function 'main':
conftest.c:68:13: error: invalid type argument of unary '*' (have 'int')
    char x = *strerror_r (0, buf, sizeof buf);
             ^
conftest.c:69:14: warning: initialization makes pointer from integer without a cast [-Wint-conversion]
    char *p = strerror_r (0, buf, sizeof buf);
              ^
configure:10367: $? = 1
configure: failed program was:
| /* confdefs.h.  */
| 
| #define PACKAGE_NAME "libgpg-error"
| #define PACKAGE_TARNAME "libgpg-error"
| #define PACKAGE_VERSION "1.0"
| #define PACKAGE_STRING "libgpg-error 1.0"
| #define PACKAGE_BUGREPORT "bug-gnupg@gnupg.org"
| #define PACKAGE "libgpg-error"
| #define VERSION "1.0"
| #define STDC_HEADERS 1
| #define HAVE_SYS_TYPES_H 1
| #define HAVE_SYS_STAT_H 1
| #define HAVE_STDLIB_H 1
| #define HAVE_STRING_H 1
| #define HAVE_MEMORY_H 1
| #define HAVE_STRINGS_H 1
| #define HAVE_INTTYPES_H 1
| #define HAVE_STDINT_H 1
| #define HAVE_UNISTD_H 1
| #define HAVE_DLFCN_H 1
| #define ENABLE_NLS 1
| #define HAVE_GETTEXT 1
| #define HAVE_DCGETTEXT 1
| #define STDC_HEADERS 1
| #define HAVE_STDLIB_H 1
| #define HAVE_DECL_STRERROR_R 1
| #define HAVE_STRERROR_R 1
| /* end confdefs.h.  */
| #include <stdio.h>
| #if HAVE_SYS_TYPES_H
| # include <sys/types.h>
| #endif
| #if HAVE_SYS_STAT_H
| # include <sys/stat.h>
| #endif
| #if STDC_HEADERS
| # include <stdlib.h>
| # include <stddef.h>
| #else
| # if HAVE_STDLIB_H
| #  include <stdlib.h>
| # endif
| #endif
| #if HAVE_STRING_H
| # if !STDC_HEADERS && HAVE_MEMORY_H
| #  include <memory.h>
| # endif
| # include <string.h>
| #endif
| #if HAVE_STRINGS_H
| # include <strings.h>
| #endif
| #if HAVE_INTTYPES_H
| # include <inttypes.h>
| #else
| # if HAVE_STDINT_H
| #  include <stdint.h>
| # endif
| #endif
| #if HAVE_UNISTD_H
| # include <unistd.h>
| #endif
| int
| main ()
| {
| 
| 	  char buf[100];
| 	  char x = *strerror_r (0, buf, sizeof buf);
| 	  char *p = strerror_r (0, buf, sizeof buf);
| 
|   ;
|   return 0;
| }
configure:10439: result: no
configure:10449: checking for strerror_r
configure:10536: result: yes
configure:10547: checking for an ANSI C-conforming const
configure:10614: gcc -c -g -O2  conftest.c >&5
configure:10620: $? = 0
configure:10623: test -z 			 || test ! -s conftest.err
configure:10626: $? = 0
configure:10629: test -s conftest.o
configure:10632: $? = 0
configure:10643: result: yes
configure:10785: creating ./config.status

## ---------------------- ##
## Running config.status. ##
## ---------------------- ##

This file was extended by libgpg-error config.status 1.0, which was
generated by GNU Autoconf 2.59.  Invocation command line was

  CONFIG_FILES    = 
  CONFIG_HEADERS  = 
  CONFIG_LINKS    = 
  CONFIG_COMMANDS = 
  $ ./config.status 

on Arin

config.status:772: creating src/gpg-error-config
config.status:772: creating Makefile
config.status:772: creating po/Makefile.in
config.status:772: creating m4/Makefile
config.status:772: creating src/Makefile
config.status:772: creating tests/Makefile
config.status:842: creating config.h
config.status:964: config.h is unchanged
config.status:1144: executing depfiles commands
config.status:1144: executing default-1 commands

## ---------------- ##
## Cache variables. ##
## ---------------- ##

ac_cv_build=x86_64-unknown-linux-gnu
ac_cv_build_alias=x86_64-unknown-linux-gnu
ac_cv_c_compiler_gnu=yes
ac_cv_c_const=yes
ac_cv_env_CC_FOR_BUILD_set=
ac_cv_env_CC_FOR_BUILD_value=
ac_cv_env_CC_set=
ac_cv_env_CC_value=
ac_cv_env_CFLAGS_set=
ac_cv_env_CFLAGS_value=
ac_cv_env_CPPFLAGS_set=
ac_cv_env_CPPFLAGS_value=
ac_cv_env_CPP_set=
ac_cv_env_CPP_value=
ac_cv_env_LDFLAGS_set=
ac_cv_env_LDFLAGS_value=
ac_cv_env_build_alias_set=
ac_cv_env_build_alias_value=
ac_cv_env_host_alias_set=
ac_cv_env_host_alias_value=
ac_cv_env_target_alias_set=
ac_cv_env_target_alias_value=
ac_cv_exeext=
ac_cv_func_strerror_r=yes
ac_cv_func_strerror_r_char_p=no
ac_cv_have_decl_strerror_r=yes
ac_cv_header_dlfcn_h=yes
ac_cv_header_inttypes_h=yes
ac_cv_header_memory_h=yes
ac_cv_header_stdc=yes
ac_cv_header_stdint_h=yes
ac_cv_header_stdlib_h=yes
ac_cv_header_string_h=yes
ac_cv_header_strings_h=yes
ac_cv_header_sys_stat_h=yes
ac_cv_header_sys_types_h=yes
ac_cv_header_unistd_h=yes
ac_cv_host=x86_64-unknown-linux-gnu
ac_cv_host_alias=x86_64-unknown-linux-gnu
ac_cv_objext=o
ac_cv_path_GMSGFMT=/usr/bin/msgfmt
ac_cv_path_MSGFMT=/usr/bin/msgfmt
ac_cv_path_MSGMERGE=/usr/bin/msgmerge
ac_cv_path_XGETTEXT=/usr/bin/xgettext
ac_cv_path_install='/usr/bin/install -c'
ac_cv_prog_AWK=gawk
ac_cv_prog_CPP='gcc -E'
ac_cv_prog_ac_ct_CC=gcc
ac_cv_prog_ac_ct_RANLIB=ranlib
ac_cv_prog_ac_ct_STRIP=strip
ac_cv_prog_cc_g=yes
ac_cv_prog_cc_stdc=
ac_cv_prog_egrep='grep -E'
ac_cv_prog_make_make_set=yes
acl_cv_hardcode_direct=no
acl_cv_hardcode_libdir_flag_spec='${wl}-rpath ${wl}$libdir'
acl_cv_hardcode_libdir_separator=
acl_cv_hardcode_minus_L=no
acl_cv_libext=a
acl_cv_path_LD=/usr/bin/ld
acl_cv_prog_gnu_ld=yes
acl_cv_rpath=done
acl_cv_shlibext=so
acl_cv_wl=-Wl,
am_cv_CC_dependencies_compiler_type=gcc3
gt_cv_func_gnugettext1_libc=yes
lt_cv_archive_cmds_need_lc=no
lt_cv_compiler_c_o=yes
lt_cv_compiler_o_lo=yes
lt_cv_deplibs_check_method='file_magic ELF [0-9][0-9]*-bit [LM]SB (shared object|dynamic lib )'
lt_cv_file_magic_cmd='$MAGIC_CMD'
lt_cv_file_magic_test_file='/lib/libc.so* /lib/libc-*.so'
lt_cv_global_symbol_to_c_name_address='sed -n -e '\''s/^: \([^ ]*\) $/  {\"\1\", (lt_ptr) 0},/p'\'' -e '\''s/^[BCDEGRST] \([^ ]*\) \([^ ]*\)$/  {"\2", (lt_ptr) \&\2},/p'\'''
lt_cv_global_symbol_to_cdecl='sed -n -e '\''s/^. .* \(.*\)$/extern char \1;/p'\'''
lt_cv_ld_reload_flag=-r
lt_cv_path_LD=/usr/bin/ld
lt_cv_path_MAGIC_CMD=/usr/bin/file
lt_cv_path_NM='/usr/bin/nm -B'
lt_cv_path_SED=/bin/sed
lt_cv_prog_cc_can_build_shared=yes
lt_cv_prog_cc_no_builtin=
lt_cv_prog_cc_pic=' -fPIC'
lt_cv_prog_cc_pic_works=yes
lt_cv_prog_cc_shlib=
lt_cv_prog_cc_static=-static
lt_cv_prog_cc_static_works=yes
lt_cv_prog_cc_wl=-Wl,
lt_cv_prog_gnu_ld=yes
lt_cv_sys_global_symbol_pipe='sed -n -e '\''s/^.*[ 	]\([ABCDGISTW][ABCDGISTW]*\)[ 	][ 	]*\(\)\([_A-Za-z][_A-Za-z0-9]*\)$/\1 \2\3 \3/p'\'''

## ----------------- ##
## Output variables. ##
## ----------------- ##

ACLOCAL='${SHELL} /home/kitto/PROJECTS/imp/linden/indra/libgpg-error/libgpg-error-1.0/missing --run aclocal-1.7'
AMDEPBACKSLASH='\'
AMDEP_FALSE='#'
AMDEP_TRUE=''
AMTAR='${SHELL} /home/kitto/PROJECTS/imp/linden/indra/libgpg-error/libgpg-error-1.0/missing --run tar'
AUTOCONF='${SHELL} /home/kitto/PROJECTS/imp/linden/indra/libgpg-error/libgpg-error-1.0/missing --run autoconf'
AUTOHEADER='${SHELL} /home/kitto/PROJECTS/imp/linden/indra/libgpg-error/libgpg-error-1.0/missing --run autoheader'
AUTOMAKE='${SHELL} /home/kitto/PROJECTS/imp/linden/indra/libgpg-error/libgpg-error-1.0/missing --run automake-1.7'
AWK='gawk'
CC='gcc'
CCDEPMODE='depmode=gcc3'
CC_FOR_BUILD='gcc'
CFLAGS='-g -O2'
CPP='gcc -E'
CPPFLAGS=''
CYGPATH_W='echo'
DEFS='-DHAVE_CONFIG_H'
DEPDIR='.deps'
ECHO='echo'
ECHO_C=''
ECHO_N='-n'
ECHO_T=''
EGREP='grep -E'
EXEEXT=''
GMSGFMT='/usr/bin/msgfmt'
GPG_ERROR_CONFIG_CFLAGS=''
GPG_ERROR_CONFIG_LIBS='-lgpg-error'
INSTALL_DATA='${INSTALL} -m 644'
INSTALL_PROGRAM='${INSTALL}'
INSTALL_SCRIPT='${INSTALL}'
INSTALL_STRIP_PROGRAM='${SHELL} $(install_sh) -c -s'
INTLLIBS=''
LDFLAGS=''
LIBGPG_ERROR_LT_AGE='1'
LIBGPG_ERROR_LT_CURRENT='1'
LIBGPG_ERROR_LT_REVISION='3'
LIBICONV='-liconv'
LIBINTL=''
LIBOBJS=''
LIBS=''
LIBTOOL='$(SHELL) $(top_builddir)/libtool'
LN_S='ln -s'
LTLIBICONV='-liconv'
LTLIBINTL=''
LTLIBOBJS=''
MAINT='#'
MAINTAINER_MODE_FALSE=''
MAINTAINER_MODE_TRUE='#'
MAKEINFO='${SHELL} /home/kitto/PROJECTS/imp/linden/indra/libgpg-error/libgpg-error-1.0/missing --run makeinfo'
MKINSTALLDIRS='$(top_builddir)/./mkinstalldirs'
MSGFMT='/usr/bin/msgfmt'
MSGMERGE='/usr/bin/msgmerge'
OBJEXT='o'
PACKAGE='libgpg-error'
PACKAGE_BUGREPORT='bug-gnupg@gnupg.org'
PACKAGE_NAME='libgpg-error'
PACKAGE_STRING='libgpg-error 1.0'
PACKAGE_TARNAME='libgpg-error'
PACKAGE_VERSION='1.0'
PATH_SEPARATOR=':'
POSUB='po'
RANLIB='ranlib'
SET_MAKE=''
SHELL='/bin/bash'
STRIP='strip'
USE_NLS='yes'
VERSION='1.0'
XGETTEXT='/usr/bin/xgettext'
ac_ct_CC='gcc'
ac_ct_RANLIB='ranlib'
ac_ct_STRIP='strip'
am__fastdepCC_FALSE='#'
am__fastdepCC_TRUE=''
am__include='include'
am__leading_dot='.'
am__quote=''
bindir='${exec_prefix}/bin'
build='x86_64-unknown-linux-gnu'
build_alias=''
build_cpu='x86_64'
build_os='linux-gnu'
build_vendor='unknown'
datadir='${prefix}/share'
exec_prefix='${prefix}'
host='x86_64-unknown-linux-gnu'
host_alias=''
host_cpu='x86_64'
host_os='linux-gnu'
host_vendor='unknown'
includedir='${prefix}/include'
infodir='${prefix}/info'
install_sh='/home/kitto/PROJECTS/imp/linden/indra/libgpg-error/libgpg-error-1.0/install-sh'
libdir='${exec_prefix}/lib'
libexecdir='${exec_prefix}/libexec'
localstatedir='${prefix}/var'
mandir='${prefix}/man'
oldincludedir='/usr/include'
prefix='/usr/local'
program_transform_name='s,x,x,'
sbindir='${exec_prefix}/sbin'
sharedstatedir='${prefix}/com'
sysconfdir='${prefix}/etc'
target_alias=''

## ----------- ##
## confdefs.h. ##
## ----------- ##

#define ENABLE_NLS 1
#define HAVE_DCGETTEXT 1
#define HAVE_DECL_STRERROR_R 1
#define HAVE_DLFCN_H 1
#define HAVE_GETTEXT 1
#define HAVE_INTTYPES_H 1
#define HAVE_MEMORY_H 1
#define HAVE_STDINT_H 1
#define HAVE_STDLIB_H 1
#define HAVE_STDLIB_H 1
#define HAVE_STRERROR_R 1
#define HAVE_STRINGS_H 1
#define HAVE_STRING_H 1
#define HAVE_SYS_STAT_H 1
#define HAVE_SYS_TYPES_H 1
#define HAVE_UNISTD_H 1
#define PACKAGE "libgpg-error"
#define PACKAGE_BUGREPORT "bug-gnupg@gnupg.org"
#define PACKAGE_NAME "libgpg-error"
#define PACKAGE_STRING "libgpg-error 1.0"
#define PACKAGE_TARNAME "libgpg-error"
#define PACKAGE_VERSION "1.0"
#define STDC_HEADERS 1
#define STDC_HEADERS 1
#define VERSION "1.0"

configure: exit 0
